1620714170601	geckodriver	INFO	Listening on 127.0.0.1:64545
1620714170613	mozrunner::runner	INFO	Running command: "/Applications/Firefox.app/Contents/MacOS/firefox-bin" "--marionette" "-foreground" "-no-remote" "-profile" "/var/folders/vp/yg4fkfm91_3c46ctnh5dtpbh0000gn/T/rust_mozprofileysfnt0"
1620714170997	Marionette	INFO	Marionette enabled
2021-05-11 11:52:51.893 firefox-bin[7941:404763] Warning: Expected min height of view: (<NSButton: 0x12d1b8400>) to be less than or equal to 30 but got a height of 32.000000. This error will be logged once per view in violation.
2021-05-11 11:52:51.894 firefox-bin[7941:404763] Warning: Expected min height of view: (<NSButton: 0x138090800>) to be less than or equal to 30 but got a height of 32.000000. This error will be logged once per view in violation.
2021-05-11 11:52:51.894 firefox-bin[7941:404763] Warning: Expected min height of view: (<NSButton: 0x13808b400>) to be less than or equal to 30 but got a height of 32.000000. This error will be logged once per view in violation.
2021-05-11 11:52:51.895 firefox-bin[7941:404763] Warning: Expected min height of view: (<NSButton: 0x138090c00>) to be less than or equal to 30 but got a height of 32.000000. This error will be logged once per view in violation.
2021-05-11 11:52:51.895 firefox-bin[7941:404763] Warning: Expected min height of view: (<NSButton: 0x13808f800>) to be less than or equal to 30 but got a height of 32.000000. This error will be logged once per view in violation.
2021-05-11 11:52:51.896 firefox-bin[7941:404763] Warning: Expected min height of view: (<NSPopoverTouchBarItemButton: 0x138091c00>) to be less than or equal to 30 but got a height of 32.000000. This error will be logged once per view in violation.
2021-05-11 11:52:51.896 firefox-bin[7941:404763] Warning: Expected min height of view: (<NSPopoverTouchBarItemButton: 0x138359800>) to be less than or equal to 30 but got a height of 32.000000. This error will be logged once per view in violation.
console.warn: SearchSettings: "get: No settings file exists, new profile?" (new Error("", "(unknown module)"))
1620714172822	Marionette	INFO	Listening on port 64551
1620714172887	Marionette	WARN	TLS certificate errors will be ignored for this session
1620714505042	Marionette	WARN	TimedPromise timed out after 500 ms: stacktrace:
TimedPromise/<@chrome://marionette/content/sync.js:237:19
TimedPromise@chrome://marionette/content/sync.js:222:10
interaction.flushEventLoop@chrome://marionette/content/interaction.js:431:10
webdriverClickElement@chrome://marionette/content/interaction.js:179:31
1620714516058	Marionette	WARN	TimedPromise timed out after 500 ms: stacktrace:
TimedPromise/<@chrome://marionette/content/sync.js:237:19
TimedPromise@chrome://marionette/content/sync.js:222:10
interaction.flushEventLoop@chrome://marionette/content/interaction.js:431:10
webdriverClickElement@chrome://marionette/content/interaction.js:179:31
1620714527058	Marionette	WARN	TimedPromise timed out after 500 ms: stacktrace:
TimedPromise/<@chrome://marionette/content/sync.js:237:19
TimedPromise@chrome://marionette/content/sync.js:222:10
interaction.flushEventLoop@chrome://marionette/content/interaction.js:431:10
webdriverClickElement@chrome://marionette/content/interaction.js:179:31
1620714538074	Marionette	WARN	TimedPromise timed out after 500 ms: stacktrace:
TimedPromise/<@chrome://marionette/content/sync.js:237:19
TimedPromise@chrome://marionette/content/sync.js:222:10
interaction.flushEventLoop@chrome://marionette/content/interaction.js:431:10
webdriverClickElement@chrome://marionette/content/interaction.js:179:31
1620714549091	Marionette	WARN	TimedPromise timed out after 500 ms: stacktrace:
TimedPromise/<@chrome://marionette/content/sync.js:237:19
TimedPromise@chrome://marionette/content/sync.js:222:10
interaction.flushEventLoop@chrome://marionette/content/interaction.js:431:10
webdriverClickElement@chrome://marionette/content/interaction.js:179:31
[GFX1-]: Receive IPC close with reason=AbnormalShutdown
Exiting due to channel error.
[GFX1-]: Receive IPC close with reason=AbnormalShutdown
[GFX1-]: Receive IPC close with reason=AbnormalShutdown
Exiting due to channel error.
Exiting due to channel error.
1620714604697	geckodriver	INFO	Listening on 127.0.0.1:64679
1620714604709	mozrunner::runner	INFO	Running command: "/Applications/Firefox.app/Contents/MacOS/firefox-bin" "--marionette" "-foreground" "-no-remote" "-profile" "/var/folders/vp/yg4fkfm91_3c46ctnh5dtpbh0000gn/T/rust_mozprofilelMvl9j"
1620714605086	Marionette	INFO	Marionette enabled
2021-05-11 12:00:05.979 firefox-bin[8051:409272] Warning: Expected min height of view: (<NSButton: 0x1355f4400>) to be less than or equal to 30 but got a height of 32.000000. This error will be logged once per view in violation.
2021-05-11 12:00:05.980 firefox-bin[8051:409272] Warning: Expected min height of view: (<NSButton: 0x140698400>) to be less than or equal to 30 but got a height of 32.000000. This error will be logged once per view in violation.
2021-05-11 12:00:05.980 firefox-bin[8051:409272] Warning: Expected min height of view: (<NSButton: 0x14069b400>) to be less than or equal to 30 but got a height of 32.000000. This error will be logged once per view in violation.
2021-05-11 12:00:05.981 firefox-bin[8051:409272] Warning: Expected min height of view: (<NSButton: 0x133baf800>) to be less than or equal to 30 but got a height of 32.000000. This error will be logged once per view in violation.
2021-05-11 12:00:05.981 firefox-bin[8051:409272] Warning: Expected min height of view: (<NSButton: 0x140699800>) to be less than or equal to 30 but got a height of 32.000000. This error will be logged once per view in violation.
2021-05-11 12:00:05.982 firefox-bin[8051:409272] Warning: Expected min height of view: (<NSPopoverTouchBarItemButton: 0x140699000>) to be less than or equal to 30 but got a height of 32.000000. This error will be logged once per view in violation.
2021-05-11 12:00:05.982 firefox-bin[8051:409272] Warning: Expected min height of view: (<NSPopoverTouchBarItemButton: 0x140757400>) to be less than or equal to 30 but got a height of 32.000000. This error will be logged once per view in violation.
console.warn: SearchSettings: "get: No settings file exists, new profile?" (new Error("", "(unknown module)"))
1620714606902	Marionette	INFO	Listening on port 64684
1620714606981	Marionette	WARN	TLS certificate errors will be ignored for this session
1620714701058	geckodriver	INFO	Listening on 127.0.0.1:64780
1620714701069	mozrunner::runner	INFO	Running command: "/Applications/Firefox.app/Contents/MacOS/firefox-bin" "--marionette" "-foreground" "-no-remote" "-profile" "/var/folders/vp/yg4fkfm91_3c46ctnh5dtpbh0000gn/T/rust_mozprofileCC0vbD"
1620714701438	Marionette	INFO	Marionette enabled
2021-05-11 12:01:42.335 firefox-bin[8082:410643] Warning: Expected min height of view: (<NSButton: 0x132713400>) to be less than or equal to 30 but got a height of 32.000000. This error will be logged once per view in violation.
2021-05-11 12:01:42.335 firefox-bin[8082:410643] Warning: Expected min height of view: (<NSButton: 0x13271a000>) to be less than or equal to 30 but got a height of 32.000000. This error will be logged once per view in violation.
2021-05-11 12:01:42.336 firefox-bin[8082:410643] Warning: Expected min height of view: (<NSButton: 0x125eadc00>) to be less than or equal to 30 but got a height of 32.000000. This error will be logged once per view in violation.
2021-05-11 12:01:42.336 firefox-bin[8082:410643] Warning: Expected min height of view: (<NSButton: 0x132716000>) to be less than or equal to 30 but got a height of 32.000000. This error will be logged once per view in violation.
2021-05-11 12:01:42.337 firefox-bin[8082:410643] Warning: Expected min height of view: (<NSButton: 0x132717400>) to be less than or equal to 30 but got a height of 32.000000. This error will be logged once per view in violation.
2021-05-11 12:01:42.337 firefox-bin[8082:410643] Warning: Expected min height of view: (<NSPopoverTouchBarItemButton: 0x132716c00>) to be less than or equal to 30 but got a height of 32.000000. This error will be logged once per view in violation.
2021-05-11 12:01:42.338 firefox-bin[8082:410643] Warning: Expected min height of view: (<NSPopoverTouchBarItemButton: 0x132a7d400>) to be less than or equal to 30 but got a height of 32.000000. This error will be logged once per view in violation.
console.warn: SearchSettings: "get: No settings file exists, new profile?" (new Error("", "(unknown module)"))
1620714703246	Marionette	INFO	Listening on port 64785
1620714703316	Marionette	WARN	TLS certificate errors will be ignored for this session
[GFX1-]: Receive IPC close with reason=AbnormalShutdown
Exiting due to channel error.
[GFX1-]: Receive IPC close with reason=AbnormalShutdown
[GFX1-]: Receive IPC close with reason=AbnormalShutdown
Exiting due to channel error.
Exiting due to channel error.
1620714738930	Marionette	INFO	Stopped listening on port 64684

###!!! [Parent][RunMessage] Error: Channel closing: too late to send/recv, messages will be lost

1620717486718	geckodriver	INFO	Listening on 127.0.0.1:49820
